The SAS System
                 09:01 Wednesday, January 26, 2005   1

                                                   ClarkOut      ClarkPrm
MRN          CDSDate  GenderAge  ClarkTotCost        PtCost         CrVis
-------------------------------------------------------------------------
000030925X     16252  M3              -1630.5        -347.5         -0.62
0000U8Z0G8     16252  M3              -1630.5        -347.5         -0.62
00000U3H28     16252  M4              -1690.7          -317         -0.57
000044T040     16252  M4              -1690.7          -317         -0.57
0000BGRWU4     16252  M4              -1690.7          -317         -0.57
0000CZZTEL     16252  M4              -1690.7          -317         -0.57
0000EMUMM2     16252  M4              -1690.7          -317         -0.57
0000JJ1PGS     16252  M4              -1690.7          -317         -0.57
0000SHIZQB     16252  M4              -1690.7          -317         -0.57
00003JP0EU     16252  M5              -1492.5        -255.7         -0.53
00005D55ED     16252  M5              -1492.5        -255.7         -0.53
00005Q35GS     16252  M5              -1492.5        -255.7         -0.53
0000KHD00B     16252  M5              -1492.5        -255.7         -0.53
0000U07F7E     16252  M5              -1492.5        -255.7         -0.53
000000J27V     16252  M6              -1041.3        -133.1         -0.39
00002Q0Y99     16252  M7               -579.6           -81         -0.15
00005FFYL5     16252  M7               -579.6           -81         -0.15
0000EIPJZ4     16252  M7               -579.6           -81         -0.15
0000GBBB44     16252  M7               -579.6           -81         -0.15
0000KQ0Y99     16252  M7               -579.6           -81         -0.15
0000R3CYDV     16252  M7               -579.6           -81         -0.15
0000SASK0R     16252  M7               -579.6           -81         -0.15
00000USBK9     16252  F1              -1684.8        -283.7         -0.41
00009SHWND     16252  F3              -1704.8        -239.3         -0.29
0000R91RX8     16252  F3              -1704.8        -239.3         -0.29
000001C1QW     16252  F4              -1616.4        -208.8         -0.24
00009Q0Y99     16252  F4              -1616.4        -208.8         -0.24
0000CR7GV0     16252  F4              -1616.4        -208.8         -0.24
0000T866YQ     16252  F4              -1616.4        -208.8         -0.24
00002IWAII     16252  F5              -1418.2        -147.5          -0.2
000048U2I2     16252  F5              -1418.2        -147.5          -0.2
00009TENY1     16252  F5              -1418.2        -147.5          -0.2
0000C0W14B     16252  F5              -1418.2        -147.5          -0.2
0000CCNH3C     16252  F5              -1418.2        -147.5          -0.2
0000E7ZGSF     16252  F5              -1418.2        -147.5          -0.2
0000004XHX     16252  F6                 -967         -24.9         -0.06
00000GU49G     16252  F6                 -967         -24.9         -0.06
00005N22II     16252  F6                 -967         -24.9         -0.06
000086T6HK     16252  F6                 -967         -24.9         -0.06
0000ALQQCG     16252  F6                 -967         -24.9         -0.06
0000P6PYQG     16252  F6                 -967         -24.9         -0.06
0000R5RLU7     16252  F6                 -967         -24.9         -0.06
0000BB9MQT     16252  F7               -505.3          27.2          0.18
0000DH9DNC     16252  F7               -505.3          27.2          0.18
0000EFGY4T     16252  F7               -505.3          27.2          0.18
0000REBBZZ     16252  F7               -505.3          27.2          0.18
0000U9Y8IB     16252  F7               -505.3          27.2          0.18
0000VJ0AK8     16252  F7               -505.3          27.2          0.18

Program file: \\groups\data\CTRHS\Crn\S D R C\VDW\Macros\CDS.sas
The SAS System
                 09:01 Wednesday, January 26, 2005   2

                                                   ClarkOut      ClarkPrm
MRN          CDSDate  GenderAge  ClarkTotCost        PtCost         CrVis
-------------------------------------------------------------------------
0000GNNVAT     16252  F8                    0             0             0
















































Program file: \\groups\data\CTRHS\Crn\S D R C\VDW\Macros\CDS.sas
The SAS System
                 09:01 Wednesday, January 26, 2005   3

                                                   ClarkOut      ClarkPrm
MRN         GenderAge   CDSDate  ClarkTotCost        PtCost         CrVis
-------------------------------------------------------------------------
000030925X  M3            16252         380.9         191.5          0.82
0000U8Z0G8  M3            16252         380.9         191.5          0.82
00000U3H28  M4            16252         320.7           222          0.87
000044T040  M4            16252         320.7           222          0.87
0000BGRWU4  M4            16252         320.7           222          0.87
0000CZZTEL  M4            16252         320.7           222          0.87
0000EMUMM2  M4            16252         320.7           222          0.87
0000JJ1PGS  M4            16252         320.7           222          0.87
0000SHIZQB  M4            16252         320.7           222          0.87
00003JP0EU  M5            16252         518.9         283.3          0.91
00005D55ED  M5            16252         518.9         283.3          0.91
00005Q35GS  M5            16252         518.9         283.3          0.91
0000KHD00B  M5            16252         518.9         283.3          0.91
0000U07F7E  M5            16252         518.9         283.3          0.91
000000J27V  M6            16252         970.1         405.9          1.05
00002Q0Y99  M7            16252        1431.8           458          1.29
00005FFYL5  M7            16252        1431.8           458          1.29
0000EIPJZ4  M7            16252        1431.8           458          1.29
0000GBBB44  M7            16252        1431.8           458          1.29
0000KQ0Y99  M7            16252        1431.8           458          1.29
0000R3CYDV  M7            16252        1431.8           458          1.29
0000SASK0R  M7            16252        1431.8           458          1.29
00000USBK9  F1            16252         326.6         255.3          1.03
00009SHWND  F3            16252         306.6         299.7          1.15
0000R91RX8  F3            16252         306.6         299.7          1.15
000001C1QW  F4            16252           395         330.2           1.2
00009Q0Y99  F4            16252           395         330.2           1.2
0000CR7GV0  F4            16252           395         330.2           1.2
0000T866YQ  F4            16252           395         330.2           1.2
00002IWAII  F5            16252         593.2         391.5          1.24
000048U2I2  F5            16252         593.2         391.5          1.24
00009TENY1  F5            16252         593.2         391.5          1.24
0000C0W14B  F5            16252         593.2         391.5          1.24
0000CCNH3C  F5            16252         593.2         391.5          1.24
0000E7ZGSF  F5            16252         593.2         391.5          1.24
0000004XHX  F6            16252        1044.4         514.1          1.38
00000GU49G  F6            16252        1044.4         514.1          1.38
00005N22II  F6            16252        1044.4         514.1          1.38
000086T6HK  F6            16252        1044.4         514.1          1.38
0000ALQQCG  F6            16252        1044.4         514.1          1.38
0000P6PYQG  F6            16252        1044.4         514.1          1.38
0000R5RLU7  F6            16252        1044.4         514.1          1.38
0000BB9MQT  F7            16252        1506.1         566.2          1.62
0000DH9DNC  F7            16252        1506.1         566.2          1.62
0000EFGY4T  F7            16252        1506.1         566.2          1.62
0000REBBZZ  F7            16252        1506.1         566.2          1.62
0000U9Y8IB  F7            16252        1506.1         566.2          1.62
0000VJ0AK8  F7            16252        1506.1         566.2          1.62

Program file: \\groups\data\CTRHS\Crn\S D R C\VDW\Macros\CDS.sas
The SAS System
                 09:01 Wednesday, January 26, 2005   4

                                                   ClarkOut      ClarkPrm
MRN         GenderAge   CDSDate  ClarkTotCost        PtCost         CrVis
-------------------------------------------------------------------------
0000GNNVAT  F8            16252        2011.4           539          1.44
















































Program file: \\groups\data\CTRHS\Crn\S D R C\VDW\Macros\CDS.sas
