1                                                          The SAS System                                  11:22 Friday, May 9, 2008

NOTE: Unable to open SASUSER.REGSTRY. WORK.REGSTRY will be opened instead.
NOTE: All registry changes will be lost at the end of the session.

WARNING: Unable to copy SASUSER registry to WORK registry. Because of this, you will not see registry customizations during this 
         session.
NOTE: Copyright (c) 2002-2003 by SAS Institute Inc., Cary, NC, USA. 
NOTE: SAS (r) 9.1 (TS1M3)
      Licensed to GROUP HEALTH COOPERATIVE OF PUGET SOUND, Site 0009688001.
NOTE: This session is executing on the XP_PRO  platform.



NOTE: SAS 9.1.3 Service Pack 4

NOTE: SAS initialization used:
      real time           2.60 seconds
      cpu time            0.65 seconds
      
1          
2          data allgender;
3          input @3 ob @10 Gender $1. @20 Gender_Count @29 year $4.;
4          cards;

NOTE: The data set WORK.ALLGENDER has 10 observations and 4 variables.
NOTE: DATA statement used (Total process time):
      real time           0.01 seconds
      cpu time            0.01 seconds
      

15          proc print;
16         

NOTE: There were 10 observations read from the data set WORK.ALLGENDER.
NOTE: The PROCEDURE PRINT printed page 1.
NOTE: PROCEDURE PRINT used (Total process time):
      real time           0.07 seconds
      cpu time            0.03 seconds
      

17          proc gchart data=AllGender;
18           hbar year/ subgroup=gender
19           ;
20          run;

NOTE: There were 10 observations read from the data set WORK.ALLGENDER.
NOTE: PROCEDURE GCHART used (Total process time):
      real time           34.18 seconds
      cpu time            0.18 seconds
      

NOTE: SAS Institute Inc., SAS Campus Drive, Cary, NC USA 27513-2414
NOTE: The SAS System used:
2                                        The SAS System                11:22 Friday, May 9, 2008

      real time           37.15 seconds
      cpu time            0.98 seconds
      
