                                           Success 1     13:07 Wednesday, September 27, 2006   1

                                       The FREQ Procedure

                             Table of Max_Diastolic by Max_Systolic

          Max_Diastolic(Person's highest diastolic reading between 04Jan2005 and 15Feb2006)
                        Max_Systolic(Person's highest systolic reading between 04Jan2005 and
                                     15Feb2006)

          Frequency    ‚
          Percent      ‚
          Row Pct      ‚
          Col Pct      ‚<130    ‚130 to 1‚140     ‚140 to 1‚160 to 1‚180+    ‚  Total
                       ‚        ‚39      ‚        ‚59      ‚79      ‚        ‚
          ƒƒƒƒƒƒƒƒƒƒƒƒƒˆƒƒƒƒƒƒƒƒˆƒƒƒƒƒƒƒƒˆƒƒƒƒƒƒƒƒˆƒƒƒƒƒƒƒƒˆƒƒƒƒƒƒƒƒˆƒƒƒƒƒƒƒƒˆ
                     . ‚      0 ‚      0 ‚      1 ‚      0 ‚      0 ‚      0 ‚      1
                       ‚   0.00 ‚   0.00 ‚   0.00 ‚   0.00 ‚   0.00 ‚   0.00 ‚   0.00
                       ‚   0.00 ‚   0.00 ‚ 100.00 ‚   0.00 ‚   0.00 ‚   0.00 ‚
                       ‚   0.00 ‚   0.00 ‚   0.01 ‚   0.00 ‚   0.00 ‚   0.00 ‚
          ƒƒƒƒƒƒƒƒƒƒƒƒƒˆƒƒƒƒƒƒƒƒˆƒƒƒƒƒƒƒƒˆƒƒƒƒƒƒƒƒˆƒƒƒƒƒƒƒƒˆƒƒƒƒƒƒƒƒˆƒƒƒƒƒƒƒƒˆ
          <80          ‚      0 ‚      0 ‚   3025 ‚   7892 ‚   2347 ‚    484 ‚  13748
                       ‚   0.00 ‚   0.00 ‚   2.92 ‚   7.61 ‚   2.26 ‚   0.47 ‚  13.26
                       ‚   0.00 ‚   0.00 ‚  22.00 ‚  57.40 ‚  17.07 ‚   3.52 ‚
                       ‚   0.00 ‚   0.00 ‚  20.30 ‚  16.54 ‚  10.56 ‚   6.35 ‚
          ƒƒƒƒƒƒƒƒƒƒƒƒƒˆƒƒƒƒƒƒƒƒˆƒƒƒƒƒƒƒƒˆƒƒƒƒƒƒƒƒˆƒƒƒƒƒƒƒƒˆƒƒƒƒƒƒƒƒˆƒƒƒƒƒƒƒƒˆ
          80 to 89     ‚      0 ‚      0 ‚   7501 ‚  19851 ‚   6899 ‚   1643 ‚  35894
                       ‚   0.00 ‚   0.00 ‚   7.24 ‚  19.15 ‚   6.66 ‚   1.59 ‚  34.63
                       ‚   0.00 ‚   0.00 ‚  20.90 ‚  55.30 ‚  19.22 ‚   4.58 ‚
                       ‚   0.00 ‚   0.00 ‚  50.35 ‚  41.60 ‚  31.04 ‚  21.55 ‚
          ƒƒƒƒƒƒƒƒƒƒƒƒƒˆƒƒƒƒƒƒƒƒˆƒƒƒƒƒƒƒƒˆƒƒƒƒƒƒƒƒˆƒƒƒƒƒƒƒƒˆƒƒƒƒƒƒƒƒˆƒƒƒƒƒƒƒƒˆ
          90           ‚   1956 ‚   3858 ‚   2064 ‚   6011 ‚   2725 ‚    748 ‚  17362
                       ‚   1.89 ‚   3.72 ‚   1.99 ‚   5.80 ‚   2.63 ‚   0.72 ‚  16.75
                       ‚  11.27 ‚  22.22 ‚  11.89 ‚  34.62 ‚  15.70 ‚   4.31 ‚
                       ‚  60.92 ‚  48.38 ‚  13.85 ‚  12.60 ‚  12.26 ‚   9.81 ‚
          ƒƒƒƒƒƒƒƒƒƒƒƒƒˆƒƒƒƒƒƒƒƒˆƒƒƒƒƒƒƒƒˆƒƒƒƒƒƒƒƒˆƒƒƒƒƒƒƒƒˆƒƒƒƒƒƒƒƒˆƒƒƒƒƒƒƒƒˆ
          90 to 99     ‚   1133 ‚   3379 ‚   1535 ‚   9009 ‚   4607 ‚   1507 ‚  21170
                       ‚   1.09 ‚   3.26 ‚   1.48 ‚   8.69 ‚   4.44 ‚   1.45 ‚  20.43
                       ‚   5.35 ‚  15.96 ‚   7.25 ‚  42.56 ‚  21.76 ‚   7.12 ‚
                       ‚  35.28 ‚  42.38 ‚  10.30 ‚  18.88 ‚  20.73 ‚  19.76 ‚
          ƒƒƒƒƒƒƒƒƒƒƒƒƒˆƒƒƒƒƒƒƒƒˆƒƒƒƒƒƒƒƒˆƒƒƒƒƒƒƒƒˆƒƒƒƒƒƒƒƒˆƒƒƒƒƒƒƒƒˆƒƒƒƒƒƒƒƒˆ
          100 to 110   ‚    119 ‚    707 ‚    737 ‚   4479 ‚   4504 ‚   1939 ‚  12485
                       ‚   0.11 ‚   0.68 ‚   0.71 ‚   4.32 ‚   4.35 ‚   1.87 ‚  12.05
                       ‚   0.95 ‚   5.66 ‚   5.90 ‚  35.88 ‚  36.08 ‚  15.53 ‚
                       ‚   3.71 ‚   8.87 ‚   4.95 ‚   9.39 ‚  20.27 ‚  25.43 ‚
          ƒƒƒƒƒƒƒƒƒƒƒƒƒˆƒƒƒƒƒƒƒƒˆƒƒƒƒƒƒƒƒˆƒƒƒƒƒƒƒƒˆƒƒƒƒƒƒƒƒˆƒƒƒƒƒƒƒƒˆƒƒƒƒƒƒƒƒˆ
          110+         ‚      3 ‚     30 ‚     35 ‚    473 ‚   1142 ‚   1304 ‚   2987
                       ‚   0.00 ‚   0.03 ‚   0.03 ‚   0.46 ‚   1.10 ‚   1.26 ‚   2.88
                       ‚   0.10 ‚   1.00 ‚   1.17 ‚  15.84 ‚  38.23 ‚  43.66 ‚
                       ‚   0.09 ‚   0.38 ‚   0.23 ‚   0.99 ‚   5.14 ‚  17.10 ‚
          ƒƒƒƒƒƒƒƒƒƒƒƒƒˆƒƒƒƒƒƒƒƒˆƒƒƒƒƒƒƒƒˆƒƒƒƒƒƒƒƒˆƒƒƒƒƒƒƒƒˆƒƒƒƒƒƒƒƒˆƒƒƒƒƒƒƒƒˆ
          Total            3211     7974    14898    47715    22224     7625   103647
                           3.10     7.69    14.37    46.04    21.44     7.36   100.00

                                     Program Run on 27SEP06
                                           Success 2     13:07 Wednesday, September 27, 2006   2

                                       The FREQ Procedure

                             Table of Max_Diastolic by Max_Systolic

          Max_Diastolic(Person's highest diastolic reading between 04Jan2005 and 15Feb2006)
                        Max_Systolic(Person's highest systolic reading between 04Jan2005 and
                                     15Feb2006)

          Frequency    ‚
          Percent      ‚
          Row Pct      ‚
          Col Pct      ‚<130    ‚130 to 1‚140     ‚140 to 1‚160 to 1‚180+    ‚  Total
                       ‚        ‚39      ‚        ‚59      ‚79      ‚        ‚
          ƒƒƒƒƒƒƒƒƒƒƒƒƒˆƒƒƒƒƒƒƒƒˆƒƒƒƒƒƒƒƒˆƒƒƒƒƒƒƒƒˆƒƒƒƒƒƒƒƒˆƒƒƒƒƒƒƒƒˆƒƒƒƒƒƒƒƒˆ
                     . ‚      0 ‚      0 ‚      1 ‚      0 ‚      0 ‚      0 ‚      1
                       ‚   0.00 ‚   0.00 ‚   0.00 ‚   0.00 ‚   0.00 ‚   0.00 ‚   0.00
                       ‚   0.00 ‚   0.00 ‚ 100.00 ‚   0.00 ‚   0.00 ‚   0.00 ‚
                       ‚   0.00 ‚   0.00 ‚   0.01 ‚   0.00 ‚   0.00 ‚   0.00 ‚
          ƒƒƒƒƒƒƒƒƒƒƒƒƒˆƒƒƒƒƒƒƒƒˆƒƒƒƒƒƒƒƒˆƒƒƒƒƒƒƒƒˆƒƒƒƒƒƒƒƒˆƒƒƒƒƒƒƒƒˆƒƒƒƒƒƒƒƒˆ
          <80          ‚      0 ‚   4533 ‚   3025 ‚   7892 ‚   2347 ‚    484 ‚  18281
                       ‚   0.00 ‚   3.61 ‚   2.41 ‚   6.28 ‚   1.87 ‚   0.39 ‚  14.55
                       ‚   0.00 ‚  24.80 ‚  16.55 ‚  43.17 ‚  12.84 ‚   2.65 ‚
                       ‚   0.00 ‚  18.20 ‚  20.30 ‚  16.54 ‚  10.56 ‚   6.35 ‚
          ƒƒƒƒƒƒƒƒƒƒƒƒƒˆƒƒƒƒƒƒƒƒˆƒƒƒƒƒƒƒƒˆƒƒƒƒƒƒƒƒˆƒƒƒƒƒƒƒƒˆƒƒƒƒƒƒƒƒˆƒƒƒƒƒƒƒƒˆ
          80 to 89     ‚   5082 ‚  12401 ‚   7501 ‚  19851 ‚   6899 ‚   1643 ‚  53377
                       ‚   4.04 ‚   9.87 ‚   5.97 ‚  15.80 ‚   5.49 ‚   1.31 ‚  42.48
                       ‚   9.52 ‚  23.23 ‚  14.05 ‚  37.19 ‚  12.93 ‚   3.08 ‚
                       ‚  61.28 ‚  49.79 ‚  50.35 ‚  41.60 ‚  31.04 ‚  21.55 ‚
          ƒƒƒƒƒƒƒƒƒƒƒƒƒˆƒƒƒƒƒƒƒƒˆƒƒƒƒƒƒƒƒˆƒƒƒƒƒƒƒƒˆƒƒƒƒƒƒƒƒˆƒƒƒƒƒƒƒƒˆƒƒƒƒƒƒƒƒˆ
          90           ‚   1956 ‚   3858 ‚   2064 ‚   6011 ‚   2725 ‚    748 ‚  17362
                       ‚   1.56 ‚   3.07 ‚   1.64 ‚   4.78 ‚   2.17 ‚   0.60 ‚  13.82
                       ‚  11.27 ‚  22.22 ‚  11.89 ‚  34.62 ‚  15.70 ‚   4.31 ‚
                       ‚  23.59 ‚  15.49 ‚  13.85 ‚  12.60 ‚  12.26 ‚   9.81 ‚
          ƒƒƒƒƒƒƒƒƒƒƒƒƒˆƒƒƒƒƒƒƒƒˆƒƒƒƒƒƒƒƒˆƒƒƒƒƒƒƒƒˆƒƒƒƒƒƒƒƒˆƒƒƒƒƒƒƒƒˆƒƒƒƒƒƒƒƒˆ
          90 to 99     ‚   1133 ‚   3379 ‚   1535 ‚   9009 ‚   4607 ‚   1507 ‚  21170
                       ‚   0.90 ‚   2.69 ‚   1.22 ‚   7.17 ‚   3.67 ‚   1.20 ‚  16.85
                       ‚   5.35 ‚  15.96 ‚   7.25 ‚  42.56 ‚  21.76 ‚   7.12 ‚
                       ‚  13.66 ‚  13.57 ‚  10.30 ‚  18.88 ‚  20.73 ‚  19.76 ‚
          ƒƒƒƒƒƒƒƒƒƒƒƒƒˆƒƒƒƒƒƒƒƒˆƒƒƒƒƒƒƒƒˆƒƒƒƒƒƒƒƒˆƒƒƒƒƒƒƒƒˆƒƒƒƒƒƒƒƒˆƒƒƒƒƒƒƒƒˆ
          100 to 110   ‚    119 ‚    707 ‚    737 ‚   4479 ‚   4504 ‚   1939 ‚  12485
                       ‚   0.09 ‚   0.56 ‚   0.59 ‚   3.56 ‚   3.58 ‚   1.54 ‚   9.94
                       ‚   0.95 ‚   5.66 ‚   5.90 ‚  35.88 ‚  36.08 ‚  15.53 ‚
                       ‚   1.43 ‚   2.84 ‚   4.95 ‚   9.39 ‚  20.27 ‚  25.43 ‚
          ƒƒƒƒƒƒƒƒƒƒƒƒƒˆƒƒƒƒƒƒƒƒˆƒƒƒƒƒƒƒƒˆƒƒƒƒƒƒƒƒˆƒƒƒƒƒƒƒƒˆƒƒƒƒƒƒƒƒˆƒƒƒƒƒƒƒƒˆ
          110+         ‚      3 ‚     30 ‚     35 ‚    473 ‚   1142 ‚   1304 ‚   2987
                       ‚   0.00 ‚   0.02 ‚   0.03 ‚   0.38 ‚   0.91 ‚   1.04 ‚   2.38
                       ‚   0.10 ‚   1.00 ‚   1.17 ‚  15.84 ‚  38.23 ‚  43.66 ‚
                       ‚   0.04 ‚   0.12 ‚   0.23 ‚   0.99 ‚   5.14 ‚  17.10 ‚
          ƒƒƒƒƒƒƒƒƒƒƒƒƒˆƒƒƒƒƒƒƒƒˆƒƒƒƒƒƒƒƒˆƒƒƒƒƒƒƒƒˆƒƒƒƒƒƒƒƒˆƒƒƒƒƒƒƒƒˆƒƒƒƒƒƒƒƒˆ
          Total            8293    24908    14898    47715    22224     7625   125663
                           6.60    19.82    11.86    37.97    17.69     6.07   100.00

                                     Program Run on 27SEP06
                                           Success 3     13:07 Wednesday, September 27, 2006   3

                                       The FREQ Procedure

                             Table of Max_Diastolic by Max_Systolic

          Max_Diastolic(Person's highest diastolic reading between 04Jan2005 and 15Feb2006)
                        Max_Systolic(Person's highest systolic reading between 04Jan2005 and
                                     15Feb2006)

          Frequency    ‚
          Percent      ‚
          Row Pct      ‚
          Col Pct      ‚<130    ‚130 to 1‚140     ‚140 to 1‚160 to 1‚180+    ‚  Total
                       ‚        ‚39      ‚        ‚59      ‚79      ‚        ‚
          ƒƒƒƒƒƒƒƒƒƒƒƒƒˆƒƒƒƒƒƒƒƒˆƒƒƒƒƒƒƒƒˆƒƒƒƒƒƒƒƒˆƒƒƒƒƒƒƒƒˆƒƒƒƒƒƒƒƒˆƒƒƒƒƒƒƒƒˆ
          <80          ‚      0 ‚      0 ‚      0 ‚   7892 ‚   2347 ‚    484 ‚  10723
                       ‚   0.00 ‚   0.00 ‚   0.00 ‚   9.26 ‚   2.75 ‚   0.57 ‚  12.58
                       ‚   0.00 ‚   0.00 ‚   0.00 ‚  73.60 ‚  21.89 ‚   4.51 ‚
                       ‚   0.00 ‚   0.00 ‚   0.00 ‚  16.54 ‚  10.56 ‚   6.35 ‚
          ƒƒƒƒƒƒƒƒƒƒƒƒƒˆƒƒƒƒƒƒƒƒˆƒƒƒƒƒƒƒƒˆƒƒƒƒƒƒƒƒˆƒƒƒƒƒƒƒƒˆƒƒƒƒƒƒƒƒˆƒƒƒƒƒƒƒƒˆ
          80 to 89     ‚      0 ‚      0 ‚      0 ‚  19851 ‚   6899 ‚   1643 ‚  28393
                       ‚   0.00 ‚   0.00 ‚   0.00 ‚  23.29 ‚   8.09 ‚   1.93 ‚  33.31
                       ‚   0.00 ‚   0.00 ‚   0.00 ‚  69.92 ‚  24.30 ‚   5.79 ‚
                       ‚   0.00 ‚   0.00 ‚   0.00 ‚  41.60 ‚  31.04 ‚  21.55 ‚
          ƒƒƒƒƒƒƒƒƒƒƒƒƒˆƒƒƒƒƒƒƒƒˆƒƒƒƒƒƒƒƒˆƒƒƒƒƒƒƒƒˆƒƒƒƒƒƒƒƒˆƒƒƒƒƒƒƒƒˆƒƒƒƒƒƒƒƒˆ
          90           ‚      0 ‚      0 ‚      0 ‚   6011 ‚   2725 ‚    748 ‚   9484
                       ‚   0.00 ‚   0.00 ‚   0.00 ‚   7.05 ‚   3.20 ‚   0.88 ‚  11.13
                       ‚   0.00 ‚   0.00 ‚   0.00 ‚  63.38 ‚  28.73 ‚   7.89 ‚
                       ‚   0.00 ‚   0.00 ‚   0.00 ‚  12.60 ‚  12.26 ‚   9.81 ‚
          ƒƒƒƒƒƒƒƒƒƒƒƒƒˆƒƒƒƒƒƒƒƒˆƒƒƒƒƒƒƒƒˆƒƒƒƒƒƒƒƒˆƒƒƒƒƒƒƒƒˆƒƒƒƒƒƒƒƒˆƒƒƒƒƒƒƒƒˆ
          90 to 99     ‚   1133 ‚   3379 ‚   1535 ‚   9009 ‚   4607 ‚   1507 ‚  21170
                       ‚   1.33 ‚   3.96 ‚   1.80 ‚  10.57 ‚   5.40 ‚   1.77 ‚  24.84
                       ‚   5.35 ‚  15.96 ‚   7.25 ‚  42.56 ‚  21.76 ‚   7.12 ‚
                       ‚  90.28 ‚  82.09 ‚  66.54 ‚  18.88 ‚  20.73 ‚  19.76 ‚
          ƒƒƒƒƒƒƒƒƒƒƒƒƒˆƒƒƒƒƒƒƒƒˆƒƒƒƒƒƒƒƒˆƒƒƒƒƒƒƒƒˆƒƒƒƒƒƒƒƒˆƒƒƒƒƒƒƒƒˆƒƒƒƒƒƒƒƒˆ
          100 to 110   ‚    119 ‚    707 ‚    737 ‚   4479 ‚   4504 ‚   1939 ‚  12485
                       ‚   0.14 ‚   0.83 ‚   0.86 ‚   5.25 ‚   5.28 ‚   2.27 ‚  14.65
                       ‚   0.95 ‚   5.66 ‚   5.90 ‚  35.88 ‚  36.08 ‚  15.53 ‚
                       ‚   9.48 ‚  17.18 ‚  31.95 ‚   9.39 ‚  20.27 ‚  25.43 ‚
          ƒƒƒƒƒƒƒƒƒƒƒƒƒˆƒƒƒƒƒƒƒƒˆƒƒƒƒƒƒƒƒˆƒƒƒƒƒƒƒƒˆƒƒƒƒƒƒƒƒˆƒƒƒƒƒƒƒƒˆƒƒƒƒƒƒƒƒˆ
          110+         ‚      3 ‚     30 ‚     35 ‚    473 ‚   1142 ‚   1304 ‚   2987
                       ‚   0.00 ‚   0.04 ‚   0.04 ‚   0.55 ‚   1.34 ‚   1.53 ‚   3.50
                       ‚   0.10 ‚   1.00 ‚   1.17 ‚  15.84 ‚  38.23 ‚  43.66 ‚
                       ‚   0.24 ‚   0.73 ‚   1.52 ‚   0.99 ‚   5.14 ‚  17.10 ‚
          ƒƒƒƒƒƒƒƒƒƒƒƒƒˆƒƒƒƒƒƒƒƒˆƒƒƒƒƒƒƒƒˆƒƒƒƒƒƒƒƒˆƒƒƒƒƒƒƒƒˆƒƒƒƒƒƒƒƒˆƒƒƒƒƒƒƒƒˆ
          Total            1255     4116     2307    47715    22224     7625    85242
                           1.47     4.83     2.71    55.98    26.07     8.95   100.00






                                     Program Run on 27SEP06
                                           Success 4     13:07 Wednesday, September 27, 2006   4

                                       The FREQ Procedure

                             Table of Max_Diastolic by Max_Systolic

                   Max_Diastolic(Person's highest diastolic reading between 04Jan2005 and
                                 15Feb2006)
                                 Max_Systolic(Person's highest systolic reading between
                                              04Jan2005 and 15Feb2006)

                   Frequency    ‚
                   Percent      ‚
                   Row Pct      ‚
                   Col Pct      ‚140     ‚140 to 1‚160 to 1‚180+    ‚  Total
                                ‚        ‚59      ‚79      ‚        ‚
                   ƒƒƒƒƒƒƒƒƒƒƒƒƒˆƒƒƒƒƒƒƒƒˆƒƒƒƒƒƒƒƒˆƒƒƒƒƒƒƒƒˆƒƒƒƒƒƒƒƒˆ
                   90           ‚   2064 ‚   6011 ‚   2725 ‚    748 ‚  11548
                                ‚   4.82 ‚  14.04 ‚   6.36 ‚   1.75 ‚  26.97
                                ‚  17.87 ‚  52.05 ‚  23.60 ‚   6.48 ‚
                                ‚  47.22 ‚  30.10 ‚  21.00 ‚  13.60 ‚
                   ƒƒƒƒƒƒƒƒƒƒƒƒƒˆƒƒƒƒƒƒƒƒˆƒƒƒƒƒƒƒƒˆƒƒƒƒƒƒƒƒˆƒƒƒƒƒƒƒƒˆ
                   90 to 99     ‚   1535 ‚   9009 ‚   4607 ‚   1507 ‚  16658
                                ‚   3.58 ‚  21.04 ‚  10.76 ‚   3.52 ‚  38.90
                                ‚   9.21 ‚  54.08 ‚  27.66 ‚   9.05 ‚
                                ‚  35.12 ‚  45.11 ‚  35.50 ‚  27.41 ‚
                   ƒƒƒƒƒƒƒƒƒƒƒƒƒˆƒƒƒƒƒƒƒƒˆƒƒƒƒƒƒƒƒˆƒƒƒƒƒƒƒƒˆƒƒƒƒƒƒƒƒˆ
                   100 to 110   ‚    737 ‚   4479 ‚   4504 ‚   1939 ‚  11659
                                ‚   1.72 ‚  10.46 ‚  10.52 ‚   4.53 ‚  27.23
                                ‚   6.32 ‚  38.42 ‚  38.63 ‚  16.63 ‚
                                ‚  16.86 ‚  22.43 ‚  34.70 ‚  35.27 ‚
                   ƒƒƒƒƒƒƒƒƒƒƒƒƒˆƒƒƒƒƒƒƒƒˆƒƒƒƒƒƒƒƒˆƒƒƒƒƒƒƒƒˆƒƒƒƒƒƒƒƒˆ
                   110+         ‚     35 ‚    473 ‚   1142 ‚   1304 ‚   2954
                                ‚   0.08 ‚   1.10 ‚   2.67 ‚   3.05 ‚   6.90
                                ‚   1.18 ‚  16.01 ‚  38.66 ‚  44.14 ‚
                                ‚   0.80 ‚   2.37 ‚   8.80 ‚  23.72 ‚
                   ƒƒƒƒƒƒƒƒƒƒƒƒƒˆƒƒƒƒƒƒƒƒˆƒƒƒƒƒƒƒƒˆƒƒƒƒƒƒƒƒˆƒƒƒƒƒƒƒƒˆ
                   Total            4371    19972    12978     5498    42819
                                   10.21    46.64    30.31    12.84   100.00















                                     Program Run on 27SEP06
                                           Success 5     13:07 Wednesday, September 27, 2006   5

                                       The FREQ Procedure

                             Table of Max_Diastolic by Max_Systolic

                        Max_Diastolic(Person's highest diastolic reading between 04Jan2005 and
                                      15Feb2006)
                                      Max_Systolic(Person's highest systolic reading between
                                                   04Jan2005 and 15Feb2006)

                        Frequency    ‚
                        Percent      ‚
                        Row Pct      ‚
                        Col Pct      ‚140 to 1‚160 to 1‚180+    ‚  Total
                                     ‚59      ‚79      ‚        ‚
                        ƒƒƒƒƒƒƒƒƒƒƒƒƒˆƒƒƒƒƒƒƒƒˆƒƒƒƒƒƒƒƒˆƒƒƒƒƒƒƒƒˆ
                        90 to 99     ‚   9009 ‚   4607 ‚   1507 ‚  15123
                                     ‚  31.10 ‚  15.91 ‚   5.20 ‚  52.21
                                     ‚  59.57 ‚  30.46 ‚   9.96 ‚
                                     ‚  64.53 ‚  44.93 ‚  31.73 ‚
                        ƒƒƒƒƒƒƒƒƒƒƒƒƒˆƒƒƒƒƒƒƒƒˆƒƒƒƒƒƒƒƒˆƒƒƒƒƒƒƒƒˆ
                        100 to 110   ‚   4479 ‚   4504 ‚   1939 ‚  10922
                                     ‚  15.46 ‚  15.55 ‚   6.69 ‚  37.71
                                     ‚  41.01 ‚  41.24 ‚  17.75 ‚
                                     ‚  32.08 ‚  43.93 ‚  40.82 ‚
                        ƒƒƒƒƒƒƒƒƒƒƒƒƒˆƒƒƒƒƒƒƒƒˆƒƒƒƒƒƒƒƒˆƒƒƒƒƒƒƒƒˆ
                        110+         ‚    473 ‚   1142 ‚   1304 ‚   2919
                                     ‚   1.63 ‚   3.94 ‚   4.50 ‚  10.08
                                     ‚  16.20 ‚  39.12 ‚  44.67 ‚
                                     ‚   3.39 ‚  11.14 ‚  27.45 ‚
                        ƒƒƒƒƒƒƒƒƒƒƒƒƒˆƒƒƒƒƒƒƒƒˆƒƒƒƒƒƒƒƒˆƒƒƒƒƒƒƒƒˆ
                        Total           13961    10253     4750    28964
                                        48.20    35.40    16.40   100.00




















                                     Program Run on 27SEP06
                                           Success 6     13:07 Wednesday, September 27, 2006   6

                                       The FREQ Procedure

                             Table of Max_Diastolic by Max_Systolic

                        Max_Diastolic(Person's highest diastolic reading between 04Jan2005 and
                                      15Feb2006)
                                      Max_Systolic(Person's highest systolic reading between
                                                   04Jan2005 and 15Feb2006)

                        Frequency    ‚
                        Percent      ‚
                        Row Pct      ‚
                        Col Pct      ‚140 to 1‚160 to 1‚180+    ‚  Total
                                     ‚59      ‚79      ‚        ‚
                        ƒƒƒƒƒƒƒƒƒƒƒƒƒˆƒƒƒƒƒƒƒƒˆƒƒƒƒƒƒƒƒˆƒƒƒƒƒƒƒƒˆ
                        90 to 99     ‚   3322 ‚   4607 ‚   1507 ‚   9436
                                     ‚  16.17 ‚  22.43 ‚   7.34 ‚  45.93
                                     ‚  35.21 ‚  48.82 ‚  15.97 ‚
                                     ‚  59.96 ‚  44.93 ‚  31.73 ‚
                        ƒƒƒƒƒƒƒƒƒƒƒƒƒˆƒƒƒƒƒƒƒƒˆƒƒƒƒƒƒƒƒˆƒƒƒƒƒƒƒƒˆ
                        100 to 110   ‚   1953 ‚   4504 ‚   1939 ‚   8396
                                     ‚   9.51 ‚  21.92 ‚   9.44 ‚  40.87
                                     ‚  23.26 ‚  53.64 ‚  23.09 ‚
                                     ‚  35.25 ‚  43.93 ‚  40.82 ‚
                        ƒƒƒƒƒƒƒƒƒƒƒƒƒˆƒƒƒƒƒƒƒƒˆƒƒƒƒƒƒƒƒˆƒƒƒƒƒƒƒƒˆ
                        110+         ‚    265 ‚   1142 ‚   1304 ‚   2711
                                     ‚   1.29 ‚   5.56 ‚   6.35 ‚  13.20
                                     ‚   9.77 ‚  42.12 ‚  48.10 ‚
                                     ‚   4.78 ‚  11.14 ‚  27.45 ‚
                        ƒƒƒƒƒƒƒƒƒƒƒƒƒˆƒƒƒƒƒƒƒƒˆƒƒƒƒƒƒƒƒˆƒƒƒƒƒƒƒƒˆ
                        Total            5540    10253     4750    20543
                                        26.97    49.91    23.12   100.00




















                                     Program Run on 27SEP06
